2016-12-15 17:26:09.303479 ConveyorBeltOff START
2016-12-15 17:26:09.312113 ConveyorBeltOff END
2016-12-15 17:33:29.246479 WaterTankOff START
2016-12-15 17:33:29.255233 WaterTankOff END
2016-12-15 17:43:08.731970 ReactorOff START
2016-12-15 17:43:08.739657 ReactorOff END
2016-12-15 17:47:00.629157 ConveyorBeltGateChangeDirection START
2016-12-15 17:47:00.636871 ConveyorBeltGateChangeDirection END
2016-12-15 17:56:16.024971 WaterTankOnManu START
2016-12-15 17:56:16.033723 WaterTankOnManu END
2016-12-15 18:06:42.895706 ChangeUpperThreshold START
2016-12-15 18:06:45.946284 ChangeUpperThreshold END
2016-12-15 18:10:48.311030 ConveyorBeltOff START
2016-12-15 18:10:48.319789 ConveyorBeltOff END
2016-12-15 18:11:47.366806 ConveyorBeltOn START
2016-12-15 18:11:47.376592 ConveyorBeltOn END
2016-12-15 18:19:47.572141 WaterTankOff START
2016-12-15 18:19:47.578693 WaterTankOff END
2016-12-15 18:20:26.715844 WaterTankOnAuto START
2016-12-15 18:20:26.723452 WaterTankOnAuto END
2016-12-15 18:29:45.712906 ReactorOff START
2016-12-15 18:29:45.721718 ReactorOff END
2016-12-15 18:30:15.187920 ReactorOn START
2016-12-15 18:30:15.195600 ReactorOn END
2016-12-15 18:34:06.382762 ConveyorBeltGateChangeDirection START
2016-12-15 18:34:06.390415 ConveyorBeltGateChangeDirection END
2016-12-15 18:35:35.297529 ConveyorBeltGateChangeDirection START
2016-12-15 18:35:35.306205 ConveyorBeltGateChangeDirection END
2016-12-15 18:40:49.183373 WaterTankOnManu START
2016-12-15 18:40:49.191009 WaterTankOnManu END
2016-12-15 18:43:57.933783 WaterTankOnManu START
2016-12-15 18:43:57.941451 WaterTankOnManu END
2016-12-15 18:54:29.565628 ChangeLowerThreshold START
2016-12-15 18:54:33.527924 ChangeLowerThreshold END
2016-12-15 18:57:58.442678 ConveyorBeltGateChangeDirection_Flooding START
2016-12-15 18:59:34.244605 ConveyorBeltGateChangeDirection_Flooding END
2016-12-15 19:05:48.034002 WaterTankOnManu_Flooding START
2016-12-15 19:07:04.388140 WaterTankOnManu_Flooding END
2016-12-15 19:17:17.599748 ChangeUpperThreshold_Flooding START
2016-12-15 19:18:41.097549 ChangeUpperThreshold_Flooding END
2016-12-15 19:21:46.447255 ConveyorBeltOn_Flooding START
2016-12-15 19:30:18.319073 ConveyorBeltOn_Flooding END
2016-12-15 19:34:21.018857 WaterTankOnAuto_Flooding START
2016-12-15 19:49:22.827978 WaterTankOnAuto_Flooding END
2016-12-15 19:57:22.150074 ReactorOn_Flooding START
2016-12-15 20:03:09.012791 ReactorOn_Flooding END
2016-12-15 20:07:49.300909 ConveyorBeltOff_Flooding START
2016-12-15 20:11:53.279234 ConveyorBeltOff_Flooding END
2016-12-15 20:38:26.190175 WaterTankOff_Flooding START
2016-12-15 20:44:34.416158 WaterTankOff_Flooding END
2016-12-15 20:54:06.451972 ReactorOff_Flooding START
2016-12-15 20:58:18.674061 ReactorOff_Flooding END
2016-12-15 21:00:50.097372 WaterTankOnAuto START
2016-12-15 21:00:50.106088 WaterTankOnAuto END
2016-12-15 21:12:44.829682 ReactorOn START
2016-12-15 21:12:44.837359 ReactorOn END
2016-12-15 21:13:14.253675 ReactorOn START
2016-12-15 21:13:14.261401 ReactorOn END
2016-12-15 21:14:04.509588 ReactorOn START
2016-12-15 21:14:04.517311 ReactorOn END
2016-12-15 21:15:42.966296 ReactorOn START
2016-12-15 21:15:42.975060 ReactorOn END
2016-12-15 21:21:16.243853 ReactorOn START
2016-12-15 21:21:16.252580 ReactorOn END
2016-12-15 21:22:26.732792 ReactorOn START
2016-12-15 21:22:26.740444 ReactorOn END
2016-12-15 21:23:25.088865 ReactorOn START
2016-12-15 21:23:25.097564 ReactorOn END
2016-12-15 22:12:35.972448 ReactorOn START
2016-12-15 22:12:35.981220 ReactorOn END
2016-12-15 22:33:11.862858 ReactorOn START
2016-12-15 22:33:11.871673 ReactorOn END
2016-12-15 22:42:17.499903 WaterTankOnAuto START
2016-12-15 22:42:17.507602 WaterTankOnAuto END
2016-12-15 22:42:21.452712 ReactorOn START
2016-12-15 22:42:21.461373 ReactorOn END
2016-12-15 22:58:52.904107 ConveyorBeltOn START
2016-12-15 22:58:52.911849 ConveyorBeltOn END
2016-12-15 22:59:15.154117 ConveyorBeltReset START
2016-12-15 22:59:15.163964 ConveyorBeltReset END
2016-12-15 22:59:20.929400 ConveyorBeltOn START
2016-12-15 22:59:20.938173 ConveyorBeltOn END
2016-12-15 23:05:56.735769 ConveyorBeltReset START
2016-12-15 23:05:56.756179 ConveyorBeltReset END
2016-12-15 23:05:58.886627 ConveyorBeltOn START
2016-12-15 23:05:58.895348 ConveyorBeltOn END
2016-12-15 23:18:07.348234 ConveyorBeltOn START
2016-12-15 23:18:07.355962 ConveyorBeltOn END
2016-12-15 23:18:16.420092 ConveyorBeltReset START
2016-12-15 23:18:16.426764 ConveyorBeltReset END
2016-12-15 23:18:18.258808 ConveyorBeltOn START
2016-12-15 23:18:18.267531 ConveyorBeltOn END
2016-12-15 23:18:22.050853 ReactorOn START
2016-12-15 23:18:22.059563 ReactorOn END
2016-12-15 23:39:50.920327 ConveyorBeltReset START
2016-12-15 23:39:50.930076 ConveyorBeltReset END
2016-12-15 23:39:53.768294 ConveyorBeltOn START
2016-12-15 23:39:53.777079 ConveyorBeltOn END
2016-12-15 23:40:05.778497 WaterTankOnAuto START
2016-12-15 23:40:05.788331 WaterTankOnAuto END
2016-12-15 23:53:54.455220 GlobalReset START
2016-12-15 23:53:54.463956 GlobalReset END
2016-12-16 00:08:02.945167 GlobalReset START
2016-12-16 00:08:02.952807 GlobalReset END
2016-12-16 00:08:39.482386 ReactorOn START
2016-12-16 00:08:39.492166 ReactorOn END
2016-12-16 00:10:56.414908 WaterTankOnAuto START
2016-12-16 00:10:56.427905 WaterTankOnAuto END
2016-12-16 00:19:08.567767 ConveyorBeltOn START
2016-12-16 00:19:08.576478 ConveyorBeltOn END
2016-12-16 00:26:00.031781 ConveyorBeltReset START
2016-12-16 00:26:00.040601 ConveyorBeltReset END
2016-12-16 00:55:57.806069 EmergencyStop START
2016-12-16 00:55:57.814853 EmergencyStop END
2016-12-16 01:18:35.346501 ConveyorBeltOff START
2016-12-16 01:18:35.354200 ConveyorBeltOff END
2016-12-16 01:18:41.133896 ConveyorBeltOn START
2016-12-16 01:18:41.142569 ConveyorBeltOn END
2016-12-16 01:18:49.125246 ConveyorBeltGateChangeDirection START
2016-12-16 01:18:49.134032 ConveyorBeltGateChangeDirection END
2016-12-16 01:19:08.008991 WaterTankOnManu START
2016-12-16 01:19:08.017689 WaterTankOnManu END
2016-12-16 01:19:26.779177 ReactorOn START
2016-12-16 01:19:26.786882 ReactorOn END
2016-12-16 01:19:37.014316 ChangeUpperThreshold START
2016-12-16 01:19:39.214512 ChangeUpperThreshold END
2016-12-16 01:19:45.834889 ChangeLowerThreshold START
2016-12-16 01:19:50.637287 ChangeLowerThreshold END
